<?xml version="1.0" encoding="UTF-8"?>
<!-- Generated by org.testng.reporters.JUnitXMLReporter -->
<testsuite ignored="0" hostname="Ruslans-MacBook-Pro.local" failures="0" tests="3" name="Command line test" time="13.455" errors="0" timestamp="2020-02-06T18:50:17 CST">
  <testcase classname="framework.DriverTest" name="test" time="7.14"/>
  <testcase classname="framework.PropertiesTest" name="test1" time="0.001"/>
  <testcase classname="framework.PropertiesTest" name="testWithUtil" time="6.275"/>
</testsuite> <!-- Command line test -->
