<?xml version="1.0" encoding="UTF-8"?>
<testng-results ignored="0" total="3" passed="3" failed="0" skipped="0">
  <reporter-output>
  </reporter-output>
  <suite started-at="2020-02-06T18:50:03 CST" name="Command line suite" finished-at="2020-02-06T18:50:17 CST" duration-ms="13455">
    <groups>
    </groups>
    <test started-at="2020-02-06T18:50:03 CST" name="Command line test" finished-at="2020-02-06T18:50:17 CST" duration-ms="13455">
      <class name="framework.PropertiesTest">
        <test-method signature="test1()[pri:0, instance:framework.PropertiesTest@4b5d6a01]" started-at="2020-02-06T18:50:11 CST" name="test1" finished-at="2020-02-06T18:50:11 CST" duration-ms="1" status="PASS">
          <reporter-output>
          </reporter-output>
        </test-method> <!-- test1 -->
        <test-method signature="testWithUtil()[pri:0, instance:framework.PropertiesTest@4b5d6a01]" started-at="2020-02-06T18:50:11 CST" name="testWithUtil" finished-at="2020-02-06T18:50:17 CST" duration-ms="6275" status="PASS">
          <reporter-output>
          </reporter-output>
        </test-method> <!-- testWithUtil -->
      </class> <!-- framework.PropertiesTest -->
      <class name="framework.DriverTest">
        <test-method signature="test()[pri:0, instance:framework.DriverTest@3d680b5a]" started-at="2020-02-06T18:50:03 CST" name="test" finished-at="2020-02-06T18:50:11 CST" duration-ms="7140" status="PASS">
          <reporter-output>
          </reporter-output>
        </test-method> <!-- test -->
      </class> <!-- framework.DriverTest -->
    </test> <!-- Command line test -->
  </suite> <!-- Command line suite -->
</testng-results>
